[debug] [2023-05-04T13:27:41.088Z] ----------------------------------------------------------------------
[debug] [2023-05-04T13:27:41.093Z] Command:       C:\Program Files\nodejs\node.exe C:\Users\User\AppData\Roaming\npm\node_modules\firebase-tools\lib\bin\firebase.js init
[debug] [2023-05-04T13:27:41.093Z] CLI Version:   11.30.0
[debug] [2023-05-04T13:27:41.094Z] Platform:      win32
[debug] [2023-05-04T13:27:41.094Z] Node Version:  v18.13.0
[debug] [2023-05-04T13:27:41.103Z] Time:          Thu May 04 2023 19:27:41 GMT+0600 (Bangladesh Standard Time)
[debug] [2023-05-04T13:27:41.104Z] ----------------------------------------------------------------------
[debug] 
[debug] [2023-05-04T13:27:41.115Z] > command requires scopes: ["email","openid","https://www.googleapis.com/auth/cloudplatformprojects.readonly","https://www.googleapis.com/auth/firebase","https://www.googleapis.com/auth/cloud-platform"]
[debug] [2023-05-04T13:27:41.115Z] > authorizing via signed-in user (sunjidaferdous123@gmail.com)
[info] 
     ######## #### ########  ######## ########     ###     ######  ########
     ##        ##  ##     ## ##       ##     ##  ##   ##  ##       ##
     ######    ##  ########  ######   ########  #########  ######  ######
     ##        ##  ##    ##  ##       ##     ## ##     ##       ## ##
     ##       #### ##     ## ######## ########  ##     ##  ######  ########

You're about to initialize a Firebase project in this directory:

  C:\Projects\Milestone 10 Firebase\Bangali-recipe-server

Before we get started, keep in mind:

  * You are currently outside your home directory

[info] 
=== Project Setup
[info] 
[info] First, let's associate this project directory with a Firebase project.
[info] You can create multiple project aliases by running firebase use --add, 
[info] but for now we'll just set up a default project.
[info] 
[debug] [2023-05-04T13:27:54.822Z] >>> [apiv2][query] GET https://firebase.googleapis.com/v1beta1/projects pageSize=100
[debug] [2023-05-04T13:27:55.818Z] <<< [apiv2][status] GET https://firebase.googleapis.com/v1beta1/projects 200
[debug] [2023-05-04T13:27:55.818Z] <<< [apiv2][body] GET https://firebase.googleapis.com/v1beta1/projects [omitted]
